<?xml version="1.0" encoding="UTF-8"?>
<testng-results skipped="0" failed="0" ignored="2" total="3" passed="1">
  <reporter-output>
  </reporter-output>
  <suite name="Default suite" duration-ms="38" started-at="2019-09-20T20:13:07Z" finished-at="2019-09-20T20:13:07Z">
    <groups>
    </groups>
    <test name="Default test" duration-ms="38" started-at="2019-09-20T20:13:07Z" finished-at="2019-09-20T20:13:07Z">
      <class name="com.ayantsoft.cucumberDemo.test.TestDemo">
        <test-method status="PASS" signature="testCase3()[pri:0, instance:com.ayantsoft.cucumberDemo.test.TestDemo@4501b7af]" name="testCase3" duration-ms="13" started-at="2019-09-21T01:43:07Z" finished-at="2019-09-21T01:43:07Z">
          <reporter-output>
          </reporter-output>
        </test-method> <!-- testCase3 -->
      </class> <!-- com.ayantsoft.cucumberDemo.test.TestDemo -->
    </test> <!-- Default test -->
  </suite> <!-- Default suite -->
</testng-results>
