<?xml version="1.0" encoding="UTF-8"?>
<!-- Generated by org.testng.reporters.JUnitXMLReporter -->
<testsuite hostname="somnath-HP-EliteBook-8470p" ignored="2" name="Default test" tests="1" failures="0" timestamp="20 Sep 2019 20:13:07 GMT" time="0.038" errors="0">
  <testcase name="testCase3" time="0.013" classname="com.ayantsoft.cucumberDemo.test.TestDemo"/>
  <testcase name="testCase1" time="0.0" classname="com.ayantsoft.cucumberDemo.test.TestDemo">
    <ignored/>
  </testcase> <!-- testCase1 -->
  <testcase name="testCase2" time="0.0" classname="com.ayantsoft.cucumberDemo.test.TestDemo">
    <ignored/>
  </testcase> <!-- testCase2 -->
</testsuite> <!-- Default test -->
